SF:lib/voice_reflection_page.dart
DA:14,1
DA:16,1
DA:17,1
DA:33,1
DA:35,2
DA:36,2
DA:37,2
DA:38,1
DA:41,1
DA:42,1
DA:43,2
DA:44,0
DA:45,0
DA:53,0
DA:58,1
DA:59,1
DA:60,4
DA:62,2
DA:64,1
DA:67,2
DA:68,1
DA:69,1
DA:70,1
DA:71,1
DA:74,3
DA:75,1
DA:76,0
DA:79,4
DA:83,1
DA:84,2
DA:85,2
DA:88,0
DA:91,2
DA:92,1
DA:93,1
DA:97,0
DA:98,0
DA:99,0
DA:100,0
DA:102,0
DA:103,0
DA:104,0
DA:105,0
DA:108,0
DA:109,0
DA:110,0
DA:111,0
DA:112,0
DA:116,0
DA:117,0
DA:118,0
DA:119,0
DA:120,0
DA:122,0
DA:123,0
DA:124,0
DA:125,0
DA:130,0
DA:131,0
DA:132,0
DA:135,0
DA:136,0
DA:137,0
DA:140,0
DA:145,0
DA:146,0
DA:148,0
DA:151,0
DA:152,0
DA:153,0
DA:156,0
DA:161,0
DA:162,0
DA:164,0
DA:166,0
DA:169,0
DA:170,0
DA:171,0
DA:172,0
DA:173,0
DA:177,0
DA:178,0
DA:179,0
DA:180,0
DA:181,0
DA:186,1
DA:187,3
DA:188,7
DA:191,1
DA:198,1
DA:200,1
SF:lib/home_page.dart
DA:9,1
DA:11,2
DA:13,2
DA:51,2
DA:53,2
DA:54,4
DA:57,2
DA:58,2
DA:59,14
DA:60,2
DA:61,10
DA:64,0
DA:65,0
DA:66,0
DA:67,0
DA:68,0
DA:70,0
DA:71,0
DA:72,0
DA:73,0
DA:75,0
DA:76,0
DA:77,0
DA:78,0
DA:83,2
DA:89,2
DA:90,2
DA:98,2
DA:99,2
DA:101,2
DA:102,2
DA:103,2
DA:106,2
DA:107,2
DA:125,2
DA:131,2
DA:132,2
DA:133,2
DA:134,2
DA:135,2
DA:138,2
DA:139,2
DA:140,2
DA:146,2
DA:147,4
DA:180,2
DA:182,2
DA:183,2
DA:193,2
DA:194,2
DA:195,2
DA:201,2
DA:202,2
DA:206,2
DA:207,2
DA:210,1
DA:211,1
DA:212,2
DA:213,1
DA:215,1
DA:225,1
DA:226,1
DA:228,1
DA:229,1
DA:230,1
DA:231,1
DA:236,1
DA:237,1
DA:238,1
DA:240,1
DA:241,3
DA:242,1
DA:245,1
DA:250,1
DA:251,1
DA:252,1
DA:253,2
DA:254,1
DA:255,1
DA:256,1
DA:258,1
DA:263,1
DA:264,1
DA:265,1
DA:273,1
DA:274,2
DA:275,1
DA:276,1
DA:277,1
DA:278,1
DA:279,1
DA:280,1
DA:282,1
DA:283,1
DA:284,1
DA:285,1
DA:286,2
DA:287,4
DA:290,0
DA:291,0
DA:292,0
DA:293,0
DA:295,0
DA:298,1
DA:302,1
DA:303,1
DA:305,1
DA:307,1
DA:308,1
DA:309,2
DA:317,1
DA:318,1
DA:320,1
DA:323,1
DA:324,2
DA:332,1
DA:333,2
DA:334,1
DA:335,1
DA:337,1
DA:338,2
DA:339,1
DA:341,1
DA:349,1
DA:350,1
DA:353,1
DA:355,1
DA:356,1
DA:358,4
DA:362,1
DA:364,1
DA:365,1
DA:368,1
DA:369,1
DA:372,1
DA:373,1
DA:377,1
DA:380,1
DA:392,1
DA:393,1
DA:394,1
DA:395,2
DA:402,2
DA:403,1
DA:405,1
DA:406,1
DA:407,1
DA:408,1
DA:410,3
DA:411,1
DA:412,1
DA:413,1
DA:414,1
DA:415,1
DA:419,1
DA:420,1
DA:424,1
DA:425,1
DA:429,3
DA:430,1
DA:431,1
DA:432,1
DA:434,1
DA:438,1
DA:440,1
DA:442,1
LF:202
LH:142
end_of_record
SF:lib/change_email.dart
DA:6,1
DA:7,0
DA:8,0
DA:16,0
DA:18,0
DA:19,0
DA:22,0
DA:23,0
DA:26,0
DA:27,0
DA:214,1
DA:235,2
DA:236,2
DA:237,2
DA:238,2
DA:239,2
DA:245,2
DA:246,2
DA:247,2
DA:251,2
LF:68
LH:55
end_of_record
SF:lib/mood_page.dart
DA:6,1
DA:8,2
DA:9,2
DA:32,2
DA:34,2
DA:35,2
DA:37,2
DA:39,2
DA:45,2
DA:47,2
DA:48,2
DA:52,2
DA:56,2
DA:57,2
DA:58,2
DA:59,2
DA:60,2
DA:61,2
DA:64,2
DA:69,2
DA:70,2
DA:71,2
DA:74,2
DA:75,2
DA:99,2
DA:103,6
DA:107,4
DA:109,2
DA:110,4
DA:111,2
DA:114,2
DA:115,2
DA:118,2
DA:120,2
DA:122,1
DA:128,2
DA:129,2
DA:130,2
DA:137,2
DA:139,2
DA:140,2
DA:142,2
DA:143,2
DA:147,2
DA:149,2
DA:160,2
DA:164,2
DA:167,2
DA:168,2
DA:170,1
DA:171,1
DA:173,1
DA:174,2
DA:175,1
DA:181,2
DA:183,2
DA:184,2
DA:185,2
DA:211,2
DA:212,4
DA:214,2
DA:215,0
DA:219,2
DA:221,2
DA:222,2
DA:223,2
DA:225,2
DA:226,2
DA:227,2
DA:230,2
LF:70
LH:69
end_of_record
SF:lib/change_email.dart
DA:6,1
DA:7,3
DA:8,3
DA:16,3
DA:18,3
DA:19,3
DA:22,3
DA:23,9
DA:26,3
DA:27,1
DA:28,0
DA:29,0
DA:30,0
DA:35,1
DA:36,1
DA:37,2
DA:38,2
DA:40,0
DA:42,0
DA:43,0
DA:47,0
DA:52,0
DA:54,0
DA:63,0
DA:72,0
DA:73,0
DA:74,0
DA:75,0
DA:76,0
DA:77,0
DA:79,0
DA:82,0
DA:83,0
DA:85,0
DA:86,0
DA:87,0
DA:88,0
DA:90,0
DA:94,0
DA:95,0
DA:105,0
DA:108,0
DA:109,0
DA:110,0
DA:120,0
DA:121,0
DA:122,0
DA:128,0
DA:129,0
DA:133,0
DA:134,0
DA:137,0
DA:138,0
DA:139,0
DA:141,0
DA:142,0
LF:56
LH:1
end_of_record
SF:lib/home_page.dart
DA:9,1
DA:11,0
DA:13,0
DA:51,0
DA:53,0
DA:54,0
DA:57,0
DA:58,0
DA:59,0
DA:60,0
DA:61,0
DA:64,0
DA:65,0
DA:66,0
DA:67,0
DA:68,0
DA:70,0
DA:71,0
DA:72,0
DA:73,0
DA:75,0
DA:76,0
DA:77,0
DA:78,0
DA:83,0
DA:89,0
DA:90,0
DA:98,0
DA:99,0
DA:101,0
DA:102,0
DA:103,0
DA:106,0
DA:107,0
DA:125,0
DA:131,0
DA:132,0
DA:133,0
DA:134,0
DA:135,0
DA:138,0
DA:139,0
DA:140,0
DA:146,0
DA:147,0
DA:180,0
DA:182,0
DA:183,0
DA:193,0
DA:194,0
DA:195,0
DA:201,0
DA:202,0
DA:206,0
DA:207,0
DA:210,0
DA:211,0
DA:213,0
DA:214,0
DA:235,0
DA:236,0
DA:237,0
DA:238,0
DA:239,0
DA:245,0
DA:246,0
DA:247,0
DA:251,0
LF:68
LH:1
end_of_record
SF:lib/change_name.dart
DA:6,1
DA:7,0
DA:8,0
DA:17,0
DA:19,0
DA:20,0
DA:23,0
DA:24,0
DA:27,0
DA:28,0
DA:29,0
DA:30,0
DA:31,0
DA:36,0
DA:37,0
DA:38,0
DA:39,0
DA:41,0
DA:42,0
DA:46,0
DA:51,0
DA:53,0
DA:62,0
DA:71,0
DA:72,0
DA:73,0
DA:74,0
DA:75,0
DA:76,0
DA:78,0
DA:81,0
DA:82,0
DA:84,0
DA:85,0
DA:86,0
DA:87,0
DA:89,0
DA:93,0
DA:94,0
DA:103,0
DA:106,0
DA:107,0
DA:108,0
DA:118,0
DA:119,0
DA:120,0
DA:126,0
DA:127,0
DA:131,0
DA:132,0
DA:135,0
DA:136,0
DA:137,0
DA:139,0
DA:140,0
LF:55
LH:1
end_of_record
SF:lib/change_pw.dart
DA:6,1
DA:7,0
DA:8,0
DA:22,0
DA:24,0
DA:25,0
DA:26,0
DA:29,0
DA:30,0
DA:34,0
DA:35,0
DA:36,0
DA:41,0
DA:42,0
DA:47,0
DA:48,0
DA:52,0
DA:53,0
DA:57,0
DA:58,0
DA:63,0
DA:68,0
DA:70,0
DA:79,0
DA:88,0
DA:89,0
DA:90,0
DA:91,0
DA:92,0
DA:93,0
DA:95,0
DA:98,0
DA:99,0
DA:101,0
DA:102,0
DA:103,0
DA:104,0
DA:106,0
DA:110,0
DA:111,0
DA:112,0
DA:116,0
DA:117,0
DA:126,0
DA:127,0
DA:131,0
DA:135,0
DA:138,0
DA:139,0
DA:141,0
DA:142,0
DA:143,0
DA:144,0
DA:146,0
DA:150,0
DA:151,0
DA:152,0
DA:156,0
DA:157,0
DA:166,0
DA:167,0
DA:171,0
DA:175,0
DA:178,0
DA:179,0
DA:181,0
DA:182,0
DA:183,0
DA:184,0
DA:186,0
DA:190,0
DA:191,0
DA:192,0
DA:196,0
DA:197,0
DA:206,0
DA:207,0
DA:211,0
DA:215,0
DA:218,0
DA:219,0
DA:220,0
DA:230,0
DA:231,0
DA:232,0
DA:238,0
DA:239,0
DA:243,0
DA:244,0
DA:247,0
DA:248,0
DA:249,0
DA:251,0
DA:252,0
DA:256,0
DA:258,0
DA:259,0
DA:262,0
DA:264,0
DA:265,0
DA:266,0
DA:271,0
DA:272,0
DA:273,0
DA:278,0
DA:280,0
DA:281,0
DA:287,0
DA:288,0
DA:293,0
DA:294,0
DA:295,0
DA:300,0
DA:301,0
DA:302,0
DA:330,0
DA:331,0
DA:335,0
DA:339,0
LF:119
LH:1
end_of_record
SF:lib/login.dart
DA:10,1
DA:11,0
DA:12,0
DA:22,0
DA:24,0
DA:25,0
DA:28,0
DA:29,0
DA:30,0
DA:33,0
DA:34,0
DA:35,0
DA:40,0
DA:42,0
DA:43,0
DA:44,0
DA:45,0
DA:49,0
DA:51,0
DA:52,0
DA:57,0
DA:60,0
DA:61,0
DA:66,0
DA:75,0
DA:76,0
DA:77,0
DA:78,0
DA:79,0
DA:82,0
DA:84,0
DA:87,0
DA:89,0
DA:90,0
DA:91,0
DA:95,0
DA:97,0
DA:101,0
DA:102,0
DA:103,0
DA:104,0
DA:105,0
DA:108,0
DA:109,0
DA:110,0
DA:118,0
DA:121,0
DA:123,0
DA:124,0
DA:125,0
DA:129,0
DA:131,0
DA:134,0
DA:135,0
DA:136,0
DA:138,0
DA:140,0
DA:141,0
DA:142,0
DA:145,0
DA:146,0
DA:149,0
DA:155,0
DA:156,0
DA:158,0
DA:159,0
DA:160,0
DA:164,0
DA:167,0
DA:168,0
DA:169,0
DA:173,0
DA:175,0
DA:181,0
DA:182,0
DA:184,0
DA:185,0
DA:191,0
DA:194,0
DA:195,0
DA:196,0
DA:206,0
DA:207,0
DA:208,0
DA:214,0
DA:215,0
DA:219,0
DA:220,0
DA:223,0
DA:237,0
DA:303,0
DA:306,0
DA:308,0
DA:316,0
DA:317,0
DA:321,0
DA:323,0
DA:329,0
DA:330,0
DA:332,0
LF:100
LH:1
end_of_record
SF:lib/forgotpw.dart
DA:5,1
DA:6,0
DA:7,0
DA:18,0
DA:20,0
DA:22,0
DA:25,0
DA:27,0
DA:28,0
DA:29,0
DA:38,0
DA:39,0
DA:40,0
DA:41,0
DA:42,0
DA:44,0
DA:47,0
DA:49,0
DA:50,0
DA:51,0
DA:54,0
DA:56,0
DA:60,0
DA:61,0
DA:62,0
DA:63,0
DA:64,0
DA:67,0
DA:68,0
DA:69,0
DA:77,0
DA:80,0
DA:82,0
DA:83,0
DA:84,0
DA:85,0
DA:86,0
DA:87,0
DA:91,0
DA:92,0
DA:93,0
DA:94,0
DA:96,0
DA:98,0
DA:99,0
DA:100,0
DA:103,0
DA:104,0
DA:105,0
DA:108,0
DA:114,0
DA:117,0
DA:119,0
DA:120,0
DA:121,0
DA:122,0
DA:123,0
DA:124,0
DA:128,0
DA:129,0
DA:130,0
DA:131,0
DA:133,0
DA:135,0
DA:136,0
DA:137,0
DA:140,0
DA:141,0
DA:142,0
DA:145,0
DA:151,0
DA:154,0
DA:155,0
DA:156,0
DA:166,0
DA:167,0
DA:168,0
DA:174,0
DA:175,0
DA:179,0
DA:180,0
DA:183,0
LF:82
LH:1
end_of_record
SF:lib/settings_page.dart
DA:8,1
DA:10,0
DA:15,0
DA:17,0
DA:26,0
DA:35,0
DA:36,0
DA:37,0
DA:38,0
DA:39,0
DA:40,0
DA:42,0
DA:45,0
DA:48,0
DA:49,0
DA:59,0
DA:60,0
DA:61,0
DA:67,0
DA:68,0
DA:72,0
DA:73,0
DA:76,0
DA:77,0
DA:79,0
DA:80,0
DA:85,0
DA:88,0
DA:89,0
DA:103,0
DA:105,0
DA:115,0
DA:118,0
DA:121,0
DA:122,0
DA:132,0
DA:133,0
DA:134,0
DA:140,0
DA:141,0
DA:145,0
DA:146,0
DA:149,0
DA:150,0
DA:152,0
DA:153,0
DA:158,0
DA:161,0
DA:162,0
DA:176,0
DA:178,0
DA:188,0
DA:191,0
DA:194,0
DA:195,0
DA:205,0
DA:206,0
DA:207,0
DA:213,0
DA:214,0
DA:218,0
DA:219,0
DA:222,0
DA:223,0
DA:225,0
DA:226,0
DA:231,0
DA:234,0
DA:235,0
DA:249,0
DA:251,0
DA:261,0
DA:42,3
DA:43,3
DA:47,3
DA:52,3
DA:54,3
DA:63,3
DA:72,3
DA:73,3
DA:74,3
DA:75,3
DA:76,3
DA:77,3
DA:79,6
DA:82,3
DA:83,3
DA:85,3
DA:86,3
DA:87,3
DA:88,3
DA:90,3
DA:94,3
DA:95,3
DA:105,3
DA:108,3
DA:109,3
DA:110,3
DA:120,3
DA:121,3
DA:122,3
DA:128,3
DA:129,3
DA:133,3
DA:134,3
DA:137,1
DA:138,1
DA:139,1
DA:141,1
DA:142,1
LF:56
LH:52
end_of_record
SF:lib/change_name.dart
DA:6,1
DA:7,3
DA:8,3
DA:17,3
DA:19,3
DA:20,3
DA:23,3
DA:24,9
DA:27,3
DA:28,1
DA:29,0
DA:30,0
DA:31,0
DA:36,1
DA:37,1
DA:38,2
DA:39,2
DA:41,3
DA:42,3
DA:46,3
DA:51,3
DA:53,3
DA:62,3
DA:71,3
DA:72,3
DA:73,3
DA:74,3
DA:75,3
DA:76,3
DA:78,6
DA:81,3
DA:82,3
DA:84,3
DA:85,3
DA:86,3
DA:87,3
DA:89,3
DA:93,3
DA:94,3
DA:103,3
DA:106,3
DA:107,3
DA:108,3
DA:118,3
DA:119,3
DA:120,3
DA:126,3
DA:127,3
DA:131,3
DA:132,3
DA:135,1
DA:136,1
DA:137,1
DA:139,1
DA:140,1
LF:55
LH:52
end_of_record
SF:lib/change_pw.dart
DA:6,1
DA:7,3
DA:8,3
DA:22,3
DA:24,3
DA:25,3
DA:26,3
DA:29,3
DA:30,9
DA:34,3
DA:35,1
DA:36,3
DA:41,3
DA:42,3
DA:47,3
DA:48,9
DA:52,3
DA:53,4
DA:57,3
DA:58,3
DA:63,3
DA:68,3
DA:70,3
DA:79,3
DA:88,3
DA:89,3
DA:90,3
DA:91,3
DA:92,3
DA:93,3
DA:95,6
DA:98,3
DA:99,3
DA:101,3
DA:102,3
DA:103,3
DA:104,3
DA:106,3
DA:110,3
DA:111,3
DA:112,3
DA:116,3
DA:117,3
DA:126,4
DA:127,6
DA:131,3
DA:135,3
DA:138,3
DA:139,3
DA:141,3
DA:142,3
DA:143,3
DA:144,3
DA:146,3
DA:150,3
DA:151,3
DA:152,3
DA:156,3
DA:157,3
DA:166,2
DA:167,3
DA:171,3
DA:175,3
DA:178,3
DA:179,3
DA:181,3
DA:182,3
DA:183,3
DA:184,3
DA:186,3
DA:190,3
DA:191,3
DA:192,3
DA:196,3
DA:197,3
DA:206,2
DA:207,3
DA:211,3
DA:215,3
DA:218,3
DA:219,3
DA:220,3
DA:230,3
DA:231,3
DA:232,3
DA:238,3
DA:239,3
DA:243,3
DA:244,3
DA:247,1
DA:248,2
DA:249,3
DA:251,2
DA:252,3
DA:256,1
DA:258,0
DA:259,0
DA:262,0
DA:264,0
DA:267,0
DA:268,0
DA:269,0
DA:272,0
DA:273,0
DA:274,0
DA:276,0
DA:277,0
DA:282,0
DA:286,0
DA:287,0
LF:84
LH:1
end_of_record
SF:lib/mood_page.dart
DA:6,1
DA:8,0
DA:9,0
DA:32,0
DA:288,0
DA:293,0
DA:294,0
DA:295,0
DA:300,2
DA:301,1
DA:302,1
DA:330,1
DA:331,1
DA:335,1
DA:339,3
LF:119
LH:102
end_of_record
SF:lib/login.dart
DA:10,1
DA:11,3
DA:12,3
DA:22,3
DA:24,3
DA:25,9
DA:28,1
DA:29,3
DA:30,3
DA:33,0
DA:34,0
DA:35,0
DA:37,0
DA:39,0
DA:45,0
DA:47,0
DA:48,0
DA:52,0
DA:56,0
DA:57,0
DA:58,0
DA:59,0
DA:60,0
DA:61,0
DA:64,0
DA:69,0
DA:70,0
DA:71,0
DA:74,0
DA:75,0
DA:99,0
DA:103,0
DA:107,0
DA:109,0
DA:110,0
DA:111,0
DA:114,0
DA:115,0
DA:118,0
DA:57,3
DA:60,3
DA:61,3
DA:66,3
DA:75,3
DA:76,3
DA:77,3
DA:78,3
DA:79,3
DA:82,3
DA:84,6
DA:87,3
DA:89,3
DA:90,3
DA:91,3
DA:95,3
DA:97,3
DA:101,9
DA:102,3
DA:103,1
DA:104,1
DA:105,3
DA:108,3
DA:109,3
DA:110,3
DA:118,3
DA:121,3
DA:123,3
DA:124,3
DA:125,3
DA:129,3
DA:131,3
DA:134,3
DA:135,3
DA:136,1
DA:138,1
DA:140,6
DA:141,2
DA:142,3
DA:145,3
DA:146,3
DA:149,3
DA:155,3
DA:156,1
DA:158,1
DA:159,1
DA:160,1
DA:164,3
DA:167,3
DA:168,3
DA:169,3
DA:173,3
DA:175,3
DA:181,1
DA:182,1
DA:184,1
DA:185,1
DA:191,3
DA:194,3
DA:195,3
DA:196,3
DA:206,3
DA:207,3
DA:208,3
DA:214,3
DA:215,3
DA:219,3
DA:220,3
DA:223,6
DA:237,3
DA:303,3
DA:306,3
DA:308,3
DA:316,3
DA:317,3
DA:321,3
DA:323,3
DA:329,1
DA:330,1
DA:332,2
LF:100
LH:89
end_of_record
SF:lib/forgotpw.dart
DA:5,1
DA:6,2
DA:7,2
DA:18,2
DA:20,2
DA:22,7
DA:25,2
DA:27,2
DA:28,2
DA:29,2
DA:38,2
DA:39,2
DA:40,2
DA:41,2
DA:42,2
DA:44,4
DA:47,2
DA:49,2
DA:50,2
DA:51,2
DA:54,2
DA:56,2
DA:60,6
DA:61,2
DA:62,1
DA:63,1
DA:64,3
DA:67,2
DA:68,2
DA:69,2
DA:77,2
DA:80,2
DA:82,2
DA:83,0
DA:84,0
DA:85,0
DA:86,2
DA:87,2
DA:91,4
DA:92,2
DA:93,2
DA:94,1
DA:96,1
DA:98,4
DA:99,2
DA:100,3
DA:103,2
DA:104,2
DA:105,2
DA:108,2
DA:114,2
DA:117,2
DA:119,2
DA:120,0
DA:122,0
DA:128,0
DA:129,0
DA:130,0
DA:137,0
DA:139,0
DA:140,0
DA:142,0
DA:143,0
DA:147,0
DA:149,0
DA:160,0
DA:164,0
DA:167,0
DA:168,0
DA:170,0
DA:171,0
DA:173,0
DA:174,0
DA:175,0
DA:181,0
DA:183,0
DA:184,0
DA:185,0
DA:211,0
DA:212,0
DA:214,0
DA:215,0
DA:219,0
DA:221,0
DA:222,0
DA:223,0
DA:225,0
DA:226,0
DA:227,0
DA:230,0
LF:70
LH:1
DA:140,2
DA:141,2
DA:142,2
DA:145,2
DA:151,2
DA:154,2
DA:155,2
DA:156,2
DA:166,2
DA:167,2
DA:168,2
DA:174,2
DA:175,2
DA:179,2
DA:180,2
DA:183,0
LF:82
LH:73
end_of_record
SF:lib/settings_page.dart
DA:8,1
DA:10,1
DA:15,1
DA:17,1
DA:26,1
DA:35,1
DA:36,1
DA:37,1
DA:38,1
DA:39,1
DA:40,1
DA:42,2
DA:45,1
DA:48,1
DA:49,1
DA:59,1
DA:60,1
DA:61,1
DA:67,1
DA:68,1
DA:72,1
DA:73,1
DA:76,1
DA:77,1
DA:79,1
DA:80,1
DA:85,1
DA:88,1
DA:89,1
DA:103,1
DA:105,1
DA:115,1
DA:118,1
DA:121,1
DA:122,1
DA:132,1
DA:133,1
DA:134,1
DA:140,1
DA:141,1
DA:145,1
DA:146,1
DA:149,1
DA:150,1
DA:152,1
DA:153,1
DA:158,1
DA:161,1
DA:162,1
DA:176,1
DA:178,1
DA:188,1
DA:191,1
DA:194,1
DA:195,1
DA:205,1
DA:206,1
DA:207,1
DA:213,1
DA:214,1
DA:218,1
DA:219,1
DA:222,1
DA:223,1
DA:225,1
DA:226,1
DA:231,1
DA:234,1
DA:235,1
DA:249,1
DA:251,1
DA:261,1
DA:264,1
DA:267,1
DA:268,1
DA:269,1
DA:272,1
DA:273,1
DA:274,1
DA:276,1
DA:277,1
DA:282,1
DA:286,1
DA:287,1
LF:84
LH:84
end_of_record
SF:lib/pages/entry_history_page.dart
DA:8,1
DA:10,0
DA:11,0
DA:20,0
DA:22,0
DA:23,0
DA:26,0
DA:27,0
DA:28,0
DA:29,0
DA:30,0
DA:32,0
DA:33,0
DA:34,0
DA:35,0
DA:36,0
DA:40,0
DA:45,0
DA:46,0
DA:58,0
DA:59,0
DA:61,0
DA:67,0
DA:68,0
DA:69,0
DA:72,0
DA:74,0
DA:81,0
DA:83,0
DA:89,0
DA:90,0
DA:91,0
DA:92,0
DA:93,0
DA:95,0
DA:97,0
DA:99,0
DA:101,0
DA:103,0
DA:105,0
DA:107,0
DA:109,0
DA:110,0
DA:115,0
LF:44
LH:1
end_of_record
SF:lib/profile_page.dart
DA:5,1
DA:7,0
DA:8,0
DA:18,0
DA:20,0
DA:21,0
DA:22,0
DA:23,0
DA:26,0
DA:27,0
DA:31,0
DA:32,0
DA:33,0
DA:34,0
DA:36,0
DA:37,0
DA:38,0
DA:7,1
DA:8,1
DA:18,1
DA:20,1
DA:21,1
DA:22,1
DA:23,1
DA:26,1
DA:27,3
DA:31,1
DA:32,1
DA:33,1
DA:34,2
DA:36,2
DA:37,2
DA:38,1
DA:41,0
DA:42,0
DA:46,0
DA:47,0
DA:50,0
DA:51,0
DA:52,0
DA:53,0
DA:55,0
DA:56,0
DA:57,0
DA:58,0
DA:62,0
DA:63,0
DA:64,0
DA:68,0
DA:69,0
DA:72,0
DA:73,0
DA:74,0
DA:75,0
DA:77,0
DA:78,0
DA:79,0
DA:80,0
DA:84,0
DA:85,0
DA:86,0
DA:90,0
DA:100,0
DA:103,0
DA:108,0
DA:110,0
DA:118,0
DA:119,0
DA:120,0
DA:121,0
DA:130,0
DA:132,0
DA:133,0
DA:139,0
DA:140,0
DA:142,0
DA:144,0
DA:147,0
DA:148,0
DA:149,0
DA:150,0
DA:173,0
DA:174,0
DA:175,0
DA:177,0
DA:179,0
DA:180,0
DA:181,0
DA:184,0
DA:186,0
DA:189,0
DA:190,0
DA:193,0
DA:195,0
DA:197,0
DA:200,0
DA:202,0
DA:204,0
DA:220,0
DA:238,0
DA:246,0
DA:255,0
DA:257,0
DA:258,0
DA:259,0
DA:260,0
DA:261,0
DA:262,0
DA:263,0
DA:269,0
DA:271,0
DA:272,0
DA:274,0
DA:275,0
DA:278,0
DA:281,0
DA:282,0
DA:283,0
DA:291,0
DA:294,0
DA:296,0
DA:299,0
DA:300,0
DA:301,0
DA:317,0
DA:318,0
DA:320,0
DA:321,0
DA:322,0
DA:330,0
DA:331,0
DA:332,0
DA:333,0
DA:338,0
DA:340,0
DA:341,0
DA:343,0
DA:346,0
DA:347,0
DA:364,0
DA:370,0
DA:375,0
DA:377,0
DA:378,0
DA:379,0
DA:380,0
DA:383,0
DA:385,0
DA:386,0
DA:387,0
DA:394,0
DA:395,0
DA:396,0
DA:408,1
DA:410,0
DA:416,0
DA:418,0
DA:419,0
DA:420,0
DA:423,0
DA:424,0
DA:425,0
DA:426,0
DA:433,0
DA:442,0
DA:444,0
DA:447,0
DA:448,0
DA:449,0
DA:450,0
DA:452,0
DA:465,0
DA:474,0
DA:478,0
DA:479,0
DA:482,0
DA:485,0
DA:486,0
DA:487,0
DA:489,0
DA:491,0
DA:492,0
DA:495,0
DA:496,0
DA:498,0
DA:499,0
DA:500,0
DA:502,0
DA:511,0
DA:513,0
DA:514,0
DA:535,0
DA:536,0
DA:544,0
DA:546,0
DA:547,0
DA:550,0
DA:551,0
DA:555,0
DA:556,0
DA:557,0
DA:558,0
DA:559,0
DA:560,0
DA:562,0
DA:563,0
DA:564,0
DA:566,0
DA:568,0
DA:569,0
DA:573,0
DA:574,0
DA:575,0
DA:576,0
DA:90,1
DA:100,1
DA:103,1
DA:108,1
DA:110,2
DA:118,1
DA:119,1
DA:120,1
DA:121,2
DA:130,1
DA:132,1
DA:133,1
DA:139,1
DA:140,1
DA:142,1
DA:144,1
DA:147,1
DA:148,1
DA:149,1
DA:150,2
DA:173,1
DA:174,1
DA:175,1
DA:177,1
DA:179,2
DA:180,1
DA:181,1
DA:184,1
DA:186,1
DA:189,1
DA:190,1
DA:193,1
DA:195,1
DA:197,1
DA:200,1
DA:202,1
DA:204,1
DA:220,5
DA:238,1
DA:246,1
DA:255,1
DA:257,1
DA:258,1
DA:259,1
DA:260,2
DA:261,1
DA:262,1
DA:263,1
DA:269,1
DA:271,1
DA:272,1
DA:274,1
DA:275,1
DA:278,1
DA:281,1
DA:282,1
DA:283,1
DA:291,1
DA:294,1
DA:296,1
DA:299,1
DA:300,1
DA:301,1
DA:317,1
DA:318,1
DA:320,1
DA:321,1
DA:322,1
DA:330,1
DA:331,1
DA:332,1
DA:333,1
DA:338,1
DA:340,1
DA:341,1
DA:343,1
DA:346,2
DA:347,2
DA:364,1
DA:370,1
DA:375,1
DA:377,1
DA:378,1
DA:379,1
DA:380,3
DA:383,1
DA:385,1
DA:386,1
DA:387,1
DA:394,1
DA:395,1
DA:396,2
DA:408,1
DA:410,1
DA:416,1
DA:418,1
DA:419,2
DA:420,1
DA:423,1
DA:424,1
DA:425,1
DA:426,1
DA:433,2
DA:442,1
DA:444,1
DA:447,1
DA:448,1
DA:449,1
DA:450,1
DA:452,2
DA:465,1
DA:474,1
DA:478,1
DA:479,1
DA:482,1
DA:485,1
DA:486,1
DA:487,1
DA:489,2
DA:491,1
DA:492,1
DA:495,1
DA:496,1
DA:498,1
DA:499,1
DA:500,1
DA:502,2
DA:511,1
DA:513,1
DA:514,1
DA:535,3
DA:536,2
DA:544,1
DA:546,1
DA:547,1
DA:550,1
DA:551,4
DA:555,2
DA:556,1
DA:557,1
DA:558,2
DA:559,1
DA:560,1
DA:562,1
DA:563,2
DA:564,3
DA:566,8
DA:568,1
DA:569,2
DA:573,2
DA:574,2
DA:575,2
DA:576,1
DA:579,0
DA:580,0
DA:584,0
DA:585,0
DA:588,0
DA:604,0
DA:607,0
DA:608,0
DA:609,0
DA:613,0
DA:614,0
DA:615,0
DA:619,0
DA:621,0
DA:624,0
DA:625,0
DA:626,0
DA:628,0
DA:631,0
DA:634,0
DA:635,0
DA:636,0
DA:638,0
DA:639,0
DA:640,0
DA:641,0
DA:642,0
DA:643,0
DA:644,0
DA:645,0
DA:652,0
DA:654,0
DA:655,0
DA:656,0
DA:657,0
DA:658,0
DA:666,0
DA:675,0
DA:676,0
DA:678,0
DA:679,0
DA:682,0
DA:683,0
DA:684,0
DA:687,0
DA:688,0
DA:690,0
DA:693,0
DA:702,0
DA:703,0
DA:704,0
DA:705,0
DA:707,0
DA:708,0
DA:711,0
DA:720,0
DA:726,0
DA:730,0
DA:731,0
DA:732,0
DA:733,0
DA:737,0
DA:738,0
DA:739,0
DA:748,0
DA:749,0
DA:759,1
DA:761,0
DA:766,0
DA:767,0
DA:768,0
DA:769,0
DA:770,0
DA:771,0
DA:773,0
DA:774,0
DA:791,1
DA:793,0
DA:795,0
DA:800,0
DA:802,0
DA:803,0
DA:805,0
DA:806,0
DA:807,0
DA:808,0
DA:811,0
DA:816,0
DA:817,0
DA:818,0
DA:821,0
DA:822,0
DA:823,0
DA:826,0
DA:830,0
DA:707,2
DA:708,1
DA:711,1
DA:720,1
DA:726,1
DA:730,1
DA:731,1
DA:732,1
DA:733,1
DA:737,1
DA:738,1
DA:739,1
DA:748,1
DA:749,1
DA:759,1
DA:761,1
DA:766,1
DA:767,1
DA:768,1
DA:769,1
DA:770,1
DA:771,1
DA:773,1
DA:774,1
DA:791,2
DA:793,1
DA:795,1
DA:800,1
DA:802,1
DA:803,1
DA:805,1
DA:806,1
DA:807,1
DA:808,1
DA:811,1
DA:816,1
DA:817,1
DA:818,1
DA:821,1
DA:822,2
DA:823,1
DA:826,1
DA:830,3
LF:293
LH:4
end_of_record
SF:lib/signup.dart
DA:7,1
DA:8,0
DA:9,0
DA:23,0
DA:25,0
DA:27,0
DA:8,1
DA:9,1
DA:23,1
DA:25,1
DA:27,2
DA:30,0
DA:31,0
DA:34,0
DA:35,0
DA:36,0
DA:39,0
DA:42,0
DA:46,0
DA:47,0
DA:48,0
DA:49,0
DA:52,0
DA:54,0
DA:58,0
DA:59,0
DA:60,0
DA:62,0
DA:63,0
DA:64,0
DA:65,0
DA:67,0
DA:68,0
DA:69,0
DA:73,0
DA:75,0
DA:76,0
DA:77,0
DA:78,0
DA:79,0
DA:87,0
DA:88,0
DA:89,0
DA:90,0
DA:91,0
DA:94,0
DA:96,0
DA:99,0
DA:101,0
DA:102,0
DA:103,0
DA:105,0
DA:107,0
DA:111,0
DA:112,0
DA:113,0
DA:114,0
DA:115,0
DA:118,0
DA:119,0
DA:120,0
DA:127,0
DA:130,0
DA:132,0
DA:133,0
DA:134,0
DA:135,0
DA:138,0
DA:140,0
DA:144,0
DA:145,0
DA:146,0
DA:147,0
DA:148,0
DA:151,0
DA:152,0
DA:153,0
DA:161,0
DA:164,0
DA:166,0
DA:167,0
DA:168,0
DA:169,0
DA:170,0
DA:172,0
DA:173,0
DA:177,0
DA:179,0
DA:182,0
DA:183,0
DA:184,0
DA:186,0
DA:188,0
DA:190,0
DA:192,0
DA:193,0
DA:196,0
DA:197,0
DA:198,0
DA:201,0
DA:207,0
DA:210,0
DA:212,0
DA:213,0
DA:214,0
DA:215,0
DA:216,0
DA:218,0
DA:219,0
DA:223,0
DA:225,0
DA:228,0
DA:229,0
DA:230,0
DA:232,0
DA:234,0
DA:236,0
DA:238,0
DA:239,0
DA:242,0
DA:243,0
DA:244,0
DA:247,0
DA:253,0
DA:256,0
DA:257,0
DA:258,0
DA:268,0
DA:269,0
DA:270,0
DA:276,0
DA:277,0
DA:281,0
DA:282,0
DA:285,0
DA:286,0
DA:287,0
DA:288,0
DA:289,0
DA:292,0
DA:293,0
DA:294,0
DA:323,0
DA:324,0
DA:328,0
DA:330,0
DA:336,0
DA:337,0
DA:341,0
DA:344,0
LF:145
LH:1
end_of_record
SF:lib/services/auth_service.dart
DA:3,0
DA:6,0
DA:8,0
DA:9,0
DA:13,0
DA:14,0
LF:6
LH:0
end_of_record
SF:lib/models/gratitude_entry.dart
DA:9,0
DA:18,0
DA:19,0
DA:20,0
DA:21,0
DA:22,0
DA:23,0
DA:24,0
DA:25,0
LF:9
LH:0
end_of_record
SF:lib/task_selection_page.dart
DA:8,0
DA:16,0
DA:18,0
DA:20,0
DA:25,0
DA:34,0
DA:35,0
DA:37,0
DA:38,0
DA:40,0
DA:41,0
DA:61,0
DA:64,0
DA:67,0
DA:68,0
DA:70,0
DA:71,0
DA:72,0
DA:80,0
DA:83,0
DA:86,0
DA:87,0
DA:89,0
DA:90,0
DA:91,0
DA:99,0
DA:102,0
DA:105,0
DA:115,0
DA:123,0
DA:125,0
DA:127,0
DA:128,0
DA:129,0
DA:130,0
DA:131,0
DA:132,0
DA:138,0
DA:139,0
DA:140,0
DA:142,0
DA:143,0
DA:146,0
DA:147,0
DA:149,0
DA:150,0
DA:159,0
DA:161,0
DA:162,0
LF:49
LH:0
end_of_record
SF:lib/utils/time_utils.dart
DA:2,0
DA:3,0
DA:5,0
DA:6,0
DA:7,0
DA:10,0
DA:11,0
DA:12,0
DA:13,0
DA:14,0
DA:15,0
DA:17,0
DA:18,0
DA:19,0
LF:14
LH:0
end_of_record
SF:lib/widgets/gratitude_tile.dart
DA:11,0
DA:13,0
DA:14,0
DA:19,0
DA:31,0
DA:33,0
DA:34,0
DA:35,0
DA:36,0
DA:38,0
DA:39,0
DA:40,0
DA:42,0
DA:44,0
DA:48,0
DA:49,0
DA:51,0
DA:52,0
DA:53,0
DA:54,0
DA:55,0
DA:57,0
DA:66,0
DA:68,0
DA:70,0
DA:72,0
DA:74,0
DA:75,0
DA:76,0
DA:77,0
DA:80,0
DA:81,0
DA:82,0
DA:83,0
DA:87,0
DA:89,0
DA:90,0
DA:91,0
DA:92,0
DA:93,0
DA:98,0
DA:100,0
DA:103,0
DA:107,0
DA:108,0
DA:109,0
DA:110,0
DA:111,0
DA:113,0
DA:114,0
DA:115,0
DA:118,0
DA:119,0
DA:120,0
DA:121,0
DA:122,0
DA:124,0
DA:125,0
DA:126,0
DA:127,0
DA:128,0
DA:134,0
DA:135,0
DA:138,0
DA:142,0
DA:144,0
DA:146,0
DA:148,0
DA:150,0
DA:152,0
DA:154,0
DA:156,0
DA:158,0
DA:160,0
DA:162,0
DA:164,0
DA:166,0
DA:168,0
DA:170,0
DA:172,0
DA:176,0
DA:178,0
DA:179,0
DA:180,0
DA:185,0
DA:187,0
DA:189,0
DA:194,0
DA:195,0
DA:197,0
DA:199,0
DA:200,0
DA:202,0
DA:203,0
DA:204,0
DA:205,0
DA:206,0
DA:207,0
DA:208,0
DA:212,0
DA:214,0
DA:215,0
DA:216,0
DA:217,0
DA:218,0
DA:220,0
DA:222,0
DA:223,0
DA:224,0
DA:225,0
DA:230,0
DA:231,0
DA:232,0
DA:233,0
DA:235,0
DA:240,0
DA:241,0
DA:242,0
LF:118
LH:0
end_of_record
SF:lib/reflection_page.dart
DA:7,0
DA:9,0
DA:10,0
DA:7,1
DA:9,2
DA:10,2
DA:16,2
DA:23,2
DA:26,2
DA:37,2
DA:46,2
DA:47,2
DA:48,2
DA:49,2
DA:51,2
DA:52,4
DA:53,2
DA:54,2
DA:56,2
DA:59,2
DA:74,2
DA:75,2
DA:78,2
DA:79,2
DA:80,2
DA:81,2
DA:85,2
DA:89,2
DA:90,2
DA:102,2
DA:106,2
DA:107,2
DA:117,2
DA:118,2
DA:119,2
DA:128,2
DA:130,2
DA:134,2
DA:135,2
DA:139,1
DA:140,3
DA:142,1
DA:145,1
DA:147,2
DA:150,0
DA:152,0
DA:154,0
DA:155,0
DA:157,0
DA:160,0
DA:162,2
DA:163,1
DA:164,1
DA:165,1
LF:51
LH:45
end_of_record
SF:lib/services/gratitude_service.dart
DA:3,4
DA:6,1
DA:11,3
DA:12,1
DA:15,0
DA:16,0
DA:23,0
DA:26,0
DA:37,0
DA:46,0
DA:47,0
DA:48,0
DA:49,0
DA:51,0
DA:52,0
DA:53,0
DA:54,0
DA:56,0
DA:59,0
DA:74,0
DA:75,0
DA:78,0
DA:79,0
DA:80,0
DA:81,0
DA:85,0
DA:89,0
DA:90,0
DA:102,0
DA:106,0
DA:107,0
DA:117,0
DA:118,0
DA:119,0
DA:128,0
DA:130,0
DA:134,0
DA:135,0
DA:139,0
DA:140,0
DA:142,0
DA:145,0
DA:147,0
DA:150,0
DA:152,0
DA:154,0
DA:155,0
DA:157,0
DA:160,0
DA:162,0
DA:163,0
DA:164,0
DA:165,0
LF:51
LH:0
end_of_record
SF:lib/services/gratitude_service.dart
DA:3,0
DA:6,0
DA:11,0
DA:12,0
DA:15,0
DA:16,0
DA:20,0
DA:23,0
LF:8
LH:0
end_of_record
