SF:lib/models/gratitude_entry.dart
DA:9,3
DA:18,2
DA:19,2
DA:20,2
DA:21,2
DA:22,2
DA:23,4
DA:24,2
DA:25,2
LF:9
LH:9
end_of_record
SF:lib/profile_page.dart
DA:5,1
DA:7,1
DA:8,1
DA:19,1
DA:21,1
DA:22,1
DA:23,1
DA:24,1
DA:25,1
DA:28,1
DA:29,3
DA:33,1
DA:34,1
DA:35,1
DA:36,2
DA:37,1
DA:40,1
DA:41,0
DA:42,0
DA:43,0
DA:46,1
DA:47,1
DA:48,8
DA:50,1
DA:51,2
DA:54,2
DA:55,0
DA:57,0
DA:58,0
DA:59,0
DA:60,0
DA:64,3
DA:66,0
DA:70,1
DA:71,3
DA:75,1
DA:76,1
DA:77,1
DA:78,2
DA:80,2
DA:81,2
DA:82,1
DA:85,0
DA:86,0
DA:90,1
DA:91,3
DA:94,1
DA:95,1
DA:96,1
DA:97,2
DA:99,1
DA:100,2
DA:101,3
DA:102,1
DA:106,0
DA:107,0
DA:108,0
DA:112,1
DA:113,3
DA:116,1
DA:117,1
DA:118,1
DA:119,2
DA:121,1
DA:122,2
DA:123,3
DA:124,1
DA:128,0
DA:129,0
DA:130,0
DA:134,1
DA:143,3
DA:145,1
DA:148,1
DA:152,1
DA:154,2
DA:162,1
DA:163,1
DA:164,1
DA:165,2
DA:174,1
DA:176,1
DA:177,1
DA:182,1
DA:185,1
DA:186,1
DA:188,1
DA:190,1
DA:193,1
DA:194,1
DA:195,1
DA:196,2
DA:197,2
DA:219,1
DA:220,1
DA:221,1
DA:223,1
DA:225,2
DA:226,1
DA:227,1
DA:230,1
DA:232,1
DA:234,2
DA:235,1
DA:236,1
DA:239,1
DA:241,1
DA:243,1
DA:246,1
DA:248,1
DA:250,1
DA:266,5
DA:284,1
DA:292,1
DA:300,3
DA:302,1
DA:304,1
DA:305,1
DA:306,1
DA:307,1
DA:308,1
DA:310,1
DA:311,1
DA:312,1
DA:318,1
DA:320,1
DA:321,1
DA:323,1
DA:324,1
DA:327,1
DA:330,1
DA:331,1
DA:332,1
DA:340,1
DA:343,1
DA:345,1
DA:348,1
DA:349,1
DA:350,1
DA:366,1
DA:367,1
DA:369,1
DA:370,1
DA:371,1
DA:379,1
DA:380,1
DA:381,1
DA:382,1
DA:387,1
DA:389,1
DA:390,1
DA:392,1
DA:395,2
DA:396,2
DA:413,1
DA:419,1
DA:423,3
DA:425,1
DA:427,1
DA:428,1
DA:429,1
DA:430,3
DA:433,1
DA:435,1
DA:436,1
DA:437,1
DA:444,1
DA:445,1
DA:446,2
DA:458,1
DA:460,1
DA:466,1
DA:468,1
DA:469,2
DA:470,1
DA:473,1
DA:474,1
DA:475,1
DA:476,1
DA:483,2
DA:492,1
DA:494,1
DA:497,3
DA:499,1
DA:500,1
DA:502,0
DA:503,1
DA:504,1
DA:506,2
DA:519,1
DA:528,1
DA:531,3
DA:533,1
DA:534,1
DA:537,1
DA:540,1
DA:541,1
DA:542,1
DA:544,2
DA:546,1
DA:547,1
DA:550,1
DA:551,1
DA:553,1
DA:554,1
DA:555,1
DA:557,1
DA:558,1
DA:559,1
DA:562,1
DA:572,1
DA:574,1
DA:575,1
DA:596,3
DA:597,2
DA:605,1
DA:607,1
DA:608,1
DA:611,1
DA:612,4
DA:616,2
DA:617,1
DA:618,1
DA:619,2
DA:620,1
DA:621,1
DA:623,1
DA:624,2
DA:625,3
DA:627,8
DA:629,1
DA:630,2
DA:634,2
DA:635,2
DA:636,2
DA:637,1
DA:640,0
DA:641,0
DA:645,1
DA:646,8
DA:649,1
DA:665,2
DA:668,1
DA:669,2
DA:670,7
DA:674,1
DA:675,2
DA:676,7
DA:680,1
DA:682,1
DA:685,1
DA:686,2
DA:687,2
DA:689,5
DA:692,3
DA:695,1
DA:696,2
DA:697,1
DA:698,3
DA:700,1
DA:701,1
DA:702,1
DA:703,1
DA:704,2
DA:705,1
DA:706,1
DA:707,1
DA:714,1
DA:716,1
DA:717,1
DA:718,6
DA:719,1
DA:720,1
DA:728,1
DA:737,1
DA:738,2
DA:740,2
DA:741,1
DA:744,1
DA:745,2
DA:746,2
DA:749,3
DA:750,2
DA:752,1
DA:755,1
DA:764,1
DA:765,4
DA:766,1
DA:767,2
DA:768,0
DA:770,2
DA:771,1
DA:774,1
DA:783,1
DA:789,1
DA:793,1
DA:794,1
DA:795,1
DA:796,1
DA:800,1
DA:801,1
DA:802,1
DA:811,1
DA:812,1
DA:822,1
DA:824,1
DA:829,1
DA:830,1
DA:831,1
DA:832,1
DA:833,1
DA:834,1
DA:836,1
DA:837,1
DA:854,2
DA:856,1
DA:858,1
DA:863,1
DA:864,3
DA:866,1
DA:867,1
DA:869,1
DA:870,1
DA:871,1
DA:872,1
DA:875,1
DA:880,1
DA:881,1
DA:882,1
DA:885,1
DA:886,2
DA:887,1
DA:890,1
DA:894,1
DA:895,1
DA:896,1
LF:336
LH:315
end_of_record
SF:lib/change_email.dart
DA:6,1
DA:7,3
DA:8,3
DA:16,3
DA:18,3
DA:19,3
DA:22,3
DA:23,9
DA:26,3
DA:27,1
DA:28,0
DA:29,0
DA:30,0
DA:35,1
DA:36,1
DA:37,2
DA:38,2
DA:40,0
DA:42,3
DA:43,3
DA:47,3
DA:51,9
DA:53,3
DA:55,3
DA:64,3
DA:65,3
DA:66,3
DA:74,3
DA:75,3
DA:76,3
DA:77,3
DA:78,3
DA:79,3
DA:81,6
DA:84,3
DA:85,3
DA:87,3
DA:88,3
DA:89,3
DA:90,3
DA:92,3
DA:96,3
DA:97,3
DA:107,3
DA:110,3
DA:111,3
DA:112,3
DA:122,3
DA:123,3
DA:124,3
DA:130,3
DA:131,3
DA:135,3
DA:136,3
DA:139,1
DA:140,1
DA:141,1
DA:143,1
DA:144,1
LF:59
LH:55
end_of_record
SF:lib/home_page.dart
DA:9,1
DA:11,2
DA:13,2
DA:51,2
DA:53,2
DA:54,4
DA:57,2
DA:58,2
DA:59,14
DA:60,2
DA:61,10
DA:64,0
DA:65,0
DA:66,0
DA:67,0
DA:68,0
DA:70,0
DA:71,0
DA:72,0
DA:73,0
DA:75,0
DA:76,0
DA:77,0
DA:78,0
DA:83,2
DA:88,6
DA:89,2
DA:90,2
DA:91,2
DA:92,2
DA:100,2
DA:101,2
DA:103,2
DA:106,2
DA:107,4
DA:109,2
DA:111,2
DA:119,2
DA:125,2
DA:128,2
DA:129,2
DA:130,2
DA:133,2
DA:136,2
DA:137,2
DA:138,2
DA:144,2
DA:145,4
DA:147,2
DA:156,2
DA:158,2
DA:159,2
DA:165,2
DA:167,2
DA:173,2
DA:181,2
DA:184,2
DA:185,2
DA:195,2
DA:196,2
DA:197,2
DA:203,2
DA:204,2
DA:207,2
DA:208,2
DA:211,1
DA:212,1
DA:214,1
DA:215,1
DA:235,2
DA:236,2
DA:237,2
DA:238,2
DA:239,2
DA:245,2
DA:246,2
DA:247,2
DA:249,2
DA:251,2
LF:79
LH:66
end_of_record
SF:lib/change_name.dart
DA:6,1
DA:7,3
DA:8,3
DA:17,3
DA:19,3
DA:20,3
DA:23,3
DA:24,9
DA:27,3
DA:28,1
DA:29,0
DA:30,0
DA:31,0
DA:36,1
DA:37,1
DA:38,2
DA:39,2
DA:41,3
DA:42,3
DA:46,3
DA:50,9
DA:52,3
DA:54,3
DA:63,3
DA:64,3
DA:65,3
DA:74,3
DA:75,3
DA:76,3
DA:77,3
DA:78,3
DA:79,3
DA:81,6
DA:84,3
DA:85,3
DA:87,3
DA:88,3
DA:89,3
DA:90,3
DA:92,3
DA:96,3
DA:97,3
DA:106,3
DA:109,3
DA:110,3
DA:111,3
DA:121,3
DA:122,3
DA:123,3
DA:129,3
DA:130,3
DA:134,3
DA:135,3
DA:138,1
DA:139,1
DA:140,1
DA:142,1
DA:143,1
LF:58
LH:55
end_of_record
SF:lib/change_pw.dart
DA:6,1
DA:7,3
DA:8,3
DA:22,3
DA:24,3
DA:25,3
DA:26,3
DA:29,3
DA:30,9
DA:34,3
DA:35,1
DA:36,3
DA:41,3
DA:42,3
DA:47,3
DA:48,9
DA:52,3
DA:53,4
DA:57,3
DA:58,3
DA:63,3
DA:67,9
DA:69,3
DA:71,3
DA:79,3
DA:80,3
DA:81,3
DA:89,3
DA:90,3
DA:91,3
DA:92,3
DA:93,3
DA:94,3
DA:96,6
DA:99,3
DA:100,3
DA:102,3
DA:103,3
DA:104,3
DA:105,3
DA:107,3
DA:111,3
DA:112,3
DA:113,3
DA:117,3
DA:118,3
DA:127,4
DA:128,6
DA:132,3
DA:136,3
DA:139,3
DA:140,3
DA:142,3
DA:143,3
DA:144,3
DA:145,3
DA:147,3
DA:151,3
DA:152,3
DA:153,3
DA:157,3
DA:158,3
DA:167,2
DA:168,3
DA:172,3
DA:176,3
DA:179,3
DA:180,3
DA:182,3
DA:183,3
DA:184,3
DA:185,3
DA:187,3
DA:191,3
DA:192,3
DA:193,3
DA:197,3
DA:198,3
DA:207,2
DA:208,3
DA:212,3
DA:216,3
DA:219,3
DA:220,3
DA:221,3
DA:231,3
DA:232,3
DA:233,3
DA:239,3
DA:240,3
DA:244,3
DA:245,3
DA:248,1
DA:249,2
DA:250,3
DA:252,2
DA:253,3
DA:257,1
DA:259,0
DA:260,0
DA:263,0
DA:265,0
DA:266,0
DA:267,0
DA:272,0
DA:273,0
DA:274,0
DA:279,0
DA:281,0
DA:282,0
DA:288,0
DA:289,0
DA:294,0
DA:295,0
DA:296,0
DA:301,2
DA:302,1
DA:303,1
DA:331,1
DA:332,1
DA:336,1
DA:340,3
LF:122
LH:105
end_of_record
SF:lib/login.dart
DA:10,1
DA:11,3
DA:12,3
DA:22,3
DA:24,3
DA:25,9
DA:28,1
DA:29,3
DA:30,3
DA:33,0
DA:34,0
DA:35,0
DA:40,0
DA:42,0
DA:43,0
DA:44,0
DA:45,0
DA:49,0
DA:51,0
DA:52,0
DA:57,3
DA:60,9
DA:61,3
DA:62,3
DA:68,3
DA:69,3
DA:70,3
DA:79,3
DA:80,3
DA:81,3
DA:82,3
DA:83,3
DA:86,3
DA:88,6
DA:91,3
DA:93,3
DA:94,3
DA:95,3
DA:97,3
DA:99,3
DA:103,9
DA:104,3
DA:105,1
DA:106,1
DA:107,3
DA:110,3
DA:111,3
DA:112,3
DA:120,3
DA:123,3
DA:125,3
DA:126,3
DA:127,3
DA:130,3
DA:132,3
DA:135,3
DA:136,3
DA:137,1
DA:139,1
DA:141,6
DA:142,2
DA:143,3
DA:146,3
DA:147,3
DA:150,3
DA:156,3
DA:157,1
DA:159,1
DA:160,1
DA:161,1
DA:165,3
DA:168,3
DA:169,3
DA:170,3
DA:174,3
DA:176,3
DA:182,1
DA:183,1
DA:185,1
DA:186,1
DA:192,3
DA:195,3
DA:196,3
DA:197,3
DA:207,3
DA:208,3
DA:209,3
DA:215,3
DA:216,3
DA:220,3
DA:221,3
DA:224,6
DA:238,3
DA:304,3
DA:307,3
DA:309,3
DA:317,3
DA:318,3
DA:322,3
DA:324,3
DA:330,1
DA:331,1
DA:333,2
LF:103
LH:92
end_of_record
SF:lib/forgotpw.dart
DA:7,1
DA:8,2
DA:9,2
DA:17,2
DA:19,2
DA:20,7
DA:23,0
DA:25,0
DA:26,0
DA:32,0
DA:33,0
DA:38,2
DA:40,6
DA:41,2
DA:42,2
DA:43,2
DA:44,2
DA:45,2
DA:54,2
DA:55,2
DA:56,2
DA:57,2
DA:58,2
DA:60,4
DA:63,2
DA:65,2
DA:66,2
DA:67,2
DA:70,2
DA:72,2
DA:76,6
DA:77,2
DA:78,1
DA:79,1
DA:80,3
DA:83,2
DA:84,2
DA:85,2
DA:93,2
DA:96,2
DA:97,2
DA:98,2
DA:108,2
DA:109,2
DA:110,2
DA:116,2
DA:117,2
DA:121,2
DA:122,2
DA:125,1
DA:126,1
DA:128,1
DA:129,1
DA:135,1
DA:136,1
DA:138,0
DA:139,0
DA:140,0
DA:141,0
DA:143,0
DA:144,0
LF:61
LH:50
end_of_record
SF:lib/settings_page.dart
DA:10,1
DA:12,1
DA:13,1
DA:17,1
DA:21,3
DA:23,1
DA:25,1
DA:30,1
DA:32,0
DA:40,1
DA:41,1
DA:42,0
DA:43,0
DA:44,0
DA:48,1
DA:56,1
DA:57,1
DA:58,1
DA:67,1
DA:68,1
DA:69,1
DA:70,1
DA:71,1
DA:72,1
DA:74,2
DA:77,1
DA:80,1
DA:81,1
DA:91,1
DA:92,1
DA:93,1
DA:99,1
DA:100,1
DA:104,1
DA:105,1
DA:108,1
DA:109,1
DA:111,1
DA:112,1
DA:117,1
DA:120,1
DA:121,1
DA:135,1
DA:137,1
DA:147,1
DA:150,1
DA:153,1
DA:154,1
DA:164,1
DA:165,1
DA:166,1
DA:172,1
DA:173,1
DA:177,1
DA:178,1
DA:181,1
DA:182,1
DA:184,1
DA:185,1
DA:190,1
DA:193,1
DA:194,1
DA:208,1
DA:210,1
DA:220,1
DA:223,1
DA:226,1
DA:227,1
DA:237,1
DA:238,1
DA:239,1
DA:245,1
DA:246,1
DA:250,1
DA:251,1
DA:254,1
DA:255,1
DA:257,1
DA:258,1
DA:263,1
DA:266,1
DA:267,1
DA:281,1
DA:283,1
DA:293,1
DA:296,1
DA:299,1
DA:300,1
DA:301,1
DA:304,1
DA:305,1
DA:306,1
DA:308,1
DA:309,1
DA:314,1
DA:318,1
DA:319,1
LF:97
LH:93
end_of_record
SF:lib/mood_page.dart
DA:6,1
DA:8,2
DA:9,2
DA:32,2
DA:34,2
DA:35,2
DA:36,6
DA:38,2
DA:40,2
DA:45,2
DA:47,2
DA:48,2
DA:53,0
DA:54,2
DA:58,2
DA:59,2
DA:60,2
DA:61,2
DA:62,2
DA:63,2
DA:66,2
DA:71,2
DA:72,2
DA:73,2
DA:76,2
DA:77,2
DA:101,2
DA:105,6
DA:109,4
DA:111,2
DA:112,4
DA:113,2
DA:116,2
DA:117,2
DA:120,2
DA:122,2
DA:124,1
DA:130,2
DA:131,2
DA:132,2
DA:139,2
DA:141,2
DA:142,2
DA:144,2
DA:145,2
DA:149,2
DA:151,2
DA:162,2
DA:166,2
DA:169,2
DA:170,2
DA:172,1
DA:173,1
DA:175,1
DA:176,2
DA:177,1
DA:183,2
DA:185,2
DA:186,2
DA:187,2
DA:213,2
DA:214,4
DA:216,2
DA:217,2
DA:221,2
DA:223,2
DA:224,2
DA:225,2
DA:227,2
DA:228,2
DA:229,2
DA:232,2
LF:72
LH:71
end_of_record
SF:lib/pages/entry_history_page.dart
DA:8,1
DA:10,1
DA:11,1
DA:20,1
DA:22,1
DA:23,1
DA:26,1
DA:27,1
DA:28,1
DA:29,1
DA:30,1
DA:32,2
DA:33,1
DA:34,3
DA:35,1
DA:36,1
DA:40,1
DA:44,3
DA:45,1
DA:46,1
DA:47,1
DA:48,1
DA:61,2
DA:62,1
DA:63,0
DA:64,1
DA:70,1
DA:71,1
DA:72,1
DA:75,1
DA:77,3
DA:84,1
DA:85,0
DA:86,1
DA:92,1
DA:93,1
DA:94,2
DA:95,1
DA:96,2
DA:98,7
DA:100,3
DA:102,9
DA:104,1
DA:106,1
DA:108,1
DA:110,1
DA:112,4
DA:113,1
DA:118,1
DA:120,0
DA:121,0
DA:122,0
LF:52
LH:47
end_of_record
SF:lib/signup.dart
DA:7,1
DA:8,2
DA:9,2
DA:23,2
DA:25,2
DA:27,7
DA:30,0
DA:31,0
DA:34,0
DA:35,0
DA:36,0
DA:39,0
DA:42,0
DA:46,0
DA:47,0
DA:48,0
DA:49,0
DA:52,0
DA:54,0
DA:58,0
DA:59,0
DA:60,0
DA:62,0
DA:63,0
DA:64,0
DA:65,0
DA:67,0
DA:68,0
DA:69,0
DA:73,2
DA:75,6
DA:76,2
DA:77,2
DA:78,2
DA:79,2
DA:80,2
DA:81,2
DA:82,2
DA:90,2
DA:91,2
DA:92,2
DA:93,2
DA:94,2
DA:97,2
DA:99,4
DA:102,2
DA:104,2
DA:105,2
DA:106,2
DA:108,2
DA:110,2
DA:114,6
DA:115,2
DA:116,1
DA:117,1
DA:118,3
DA:121,2
DA:122,2
DA:123,2
DA:130,2
DA:133,2
DA:135,2
DA:136,2
DA:137,3
DA:138,2
DA:140,2
DA:142,2
DA:146,6
DA:147,2
DA:148,1
DA:149,1
DA:150,0
DA:153,2
DA:154,2
DA:155,2
DA:163,2
DA:166,2
DA:168,2
DA:169,4
DA:170,1
DA:171,3
DA:172,2
DA:174,3
DA:175,2
DA:178,2
DA:180,2
DA:183,2
DA:184,2
DA:185,1
DA:187,1
DA:189,2
DA:191,2
DA:193,2
DA:194,3
DA:197,2
DA:198,2
DA:199,2
DA:202,2
DA:208,2
DA:211,2
DA:213,2
DA:214,4
DA:215,0
DA:216,0
DA:217,2
DA:219,3
DA:220,2
DA:223,2
DA:225,2
DA:228,2
DA:229,2
DA:230,1
DA:232,1
DA:234,2
DA:236,2
DA:238,0
DA:239,0
DA:242,2
DA:243,2
DA:244,2
DA:247,2
DA:253,2
DA:256,2
DA:257,2
DA:258,2
DA:268,2
DA:269,2
DA:270,2
DA:276,2
DA:277,2
DA:281,2
DA:282,2
DA:285,1
DA:286,4
DA:287,3
DA:288,3
DA:289,0
DA:292,2
DA:293,1
DA:294,1
DA:323,1
DA:324,1
DA:328,1
DA:330,1
DA:336,1
DA:337,1
DA:341,1
DA:344,3
LF:148
LH:119
end_of_record
SF:lib/services/auth_service.dart
DA:3,4
DA:6,1
DA:8,3
DA:9,1
DA:13,1
DA:14,1
LF:6
LH:6
end_of_record
SF:lib/task_selection_page.dart
DA:9,1
DA:17,2
DA:19,6
DA:20,2
DA:22,2
DA:27,2
DA:29,2
DA:30,2
DA:38,2
DA:39,2
DA:41,2
DA:42,2
DA:44,2
DA:45,4
DA:65,2
DA:68,2
DA:72,1
DA:73,1
DA:75,1
DA:76,1
DA:77,2
DA:85,2
DA:88,2
DA:91,1
DA:92,1
DA:94,1
DA:95,1
DA:96,2
DA:104,2
DA:107,2
DA:110,1
DA:111,1
DA:113,1
DA:114,1
DA:115,2
DA:128,2
DA:136,2
DA:138,2
DA:140,2
DA:141,2
DA:142,2
DA:143,2
DA:144,2
DA:145,2
DA:151,2
DA:152,2
DA:153,2
DA:155,2
DA:156,2
DA:159,2
DA:160,2
DA:162,2
DA:163,2
DA:172,2
DA:174,2
DA:175,2
LF:56
LH:56
end_of_record
SF:lib/utils/time_utils.dart
DA:2,2
DA:3,18
DA:5,2
DA:6,6
DA:7,14
DA:10,3
DA:11,2
DA:12,12
DA:13,12
DA:14,6
DA:15,3
DA:17,4
DA:18,9
DA:19,15
LF:14
LH:14
end_of_record
SF:lib/widgets/gratitude_tile.dart
DA:9,1
DA:10,1
DA:11,2
DA:12,3
DA:29,2
DA:31,4
DA:32,2
DA:34,6
DA:36,2
DA:37,4
DA:39,2
DA:40,4
DA:42,2
DA:43,4
DA:45,0
DA:46,0
DA:48,0
DA:49,0
DA:51,0
DA:52,0
DA:54,0
DA:55,0
DA:63,2
DA:70,2
DA:71,2
DA:86,2
DA:87,5
DA:90,2
DA:92,2
DA:93,9
DA:94,1
DA:95,3
DA:97,9
DA:98,1
DA:99,3
DA:101,9
DA:103,2
DA:107,2
DA:108,3
DA:110,1
DA:111,1
DA:112,1
DA:113,1
DA:114,1
DA:116,2
DA:125,1
DA:127,3
DA:129,4
DA:131,2
DA:133,4
DA:134,4
DA:135,4
DA:136,2
DA:139,1
DA:141,3
DA:142,4
DA:143,4
DA:144,2
DA:145,2
DA:150,1
DA:152,2
DA:155,2
DA:159,1
DA:160,1
DA:161,2
DA:162,2
DA:163,1
DA:165,2
DA:166,3
DA:167,3
DA:170,1
DA:171,1
DA:172,1
DA:173,2
DA:174,2
DA:176,3
DA:177,1
DA:178,1
DA:179,1
DA:180,3
DA:186,1
DA:187,2
DA:189,3
DA:190,4
DA:191,3
DA:195,1
DA:196,1
DA:197,4
DA:199,3
DA:201,1
DA:202,1
DA:203,4
DA:207,1
DA:208,1
DA:211,2
DA:215,2
DA:217,2
DA:219,2
DA:221,1
DA:223,2
DA:225,2
DA:227,2
DA:229,1
DA:231,2
DA:233,1
DA:235,2
DA:237,1
DA:239,2
DA:241,1
DA:243,2
DA:245,1
DA:249,2
DA:251,2
DA:252,2
DA:253,2
DA:258,2
DA:260,4
DA:261,6
DA:263,2
DA:266,2
DA:268,4
DA:269,2
DA:271,2
DA:273,2
DA:274,10
DA:276,2
DA:277,2
DA:278,6
DA:279,4
DA:280,2
DA:281,4
DA:282,6
DA:284,2
DA:285,2
DA:291,1
DA:292,1
DA:294,2
DA:297,1
DA:298,1
DA:299,2
DA:302,1
DA:303,2
DA:312,2
DA:317,3
DA:319,1
DA:320,1
DA:321,1
DA:322,1
DA:323,1
DA:325,1
DA:327,1
DA:328,1
DA:329,4
DA:330,6
DA:335,4
DA:336,1
DA:337,1
DA:338,4
DA:340,2
DA:345,1
DA:346,3
DA:347,3
LF:162
LH:154
end_of_record
SF:lib/picture_reflection_page.dart
DA:13,1
DA:19,1
DA:21,1
DA:22,1
DA:45,0
DA:46,0
DA:47,0
DA:50,0
DA:51,0
DA:52,0
DA:53,0
DA:55,0
DA:57,0
DA:67,0
DA:68,0
DA:69,0
DA:73,1
DA:75,1
DA:78,1
DA:83,1
DA:84,1
DA:86,1
DA:88,1
DA:90,1
DA:92,1
DA:93,1
DA:112,1
DA:114,1
DA:116,1
DA:123,1
DA:125,1
DA:126,1
DA:137,1
DA:138,3
DA:139,1
DA:141,1
DA:148,1
DA:149,2
DA:150,0
DA:151,1
DA:160,2
DA:161,2
DA:162,2
DA:164,0
DA:172,1
DA:173,1
DA:192,0
DA:193,0
DA:194,0
DA:196,0
DA:197,0
DA:200,0
DA:202,0
DA:221,0
DA:223,0
DA:236,1
DA:249,1
DA:264,5
DA:267,1
DA:269,4
DA:271,1
DA:272,1
DA:273,1
DA:274,1
DA:276,1
DA:277,1
DA:278,1
DA:279,1
DA:285,1
DA:287,1
DA:288,1
DA:292,1
DA:295,2
DA:296,0
DA:297,1
DA:298,1
DA:299,1
DA:309,1
DA:311,1
DA:313,1
DA:314,1
DA:315,2
DA:327,1
DA:328,3
DA:329,1
DA:331,1
DA:347,0
DA:349,0
DA:350,0
DA:368,0
DA:370,0
DA:371,0
DA:374,0
DA:376,0
DA:377,0
DA:382,0
DA:383,0
DA:385,0
DA:386,0
DA:389,0
DA:390,0
DA:391,0
DA:396,0
DA:400,0
DA:403,0
DA:404,0
DA:405,0
DA:410,0
DA:420,0
DA:421,0
DA:422,0
DA:423,0
DA:424,0
DA:427,0
DA:429,0
DA:434,0
DA:438,0
DA:440,0
DA:443,0
DA:444,0
DA:445,0
DA:448,0
DA:449,0
DA:450,0
DA:465,0
DA:467,0
DA:471,0
DA:472,0
DA:473,0
DA:476,0
DA:478,0
DA:479,0
DA:482,0
DA:483,0
DA:485,0
DA:486,0
DA:488,0
DA:491,0
DA:496,0
DA:497,0
DA:498,0
DA:511,0
DA:513,0
DA:520,0
DA:522,0
DA:523,0
DA:534,0
DA:535,0
DA:537,0
DA:538,0
DA:540,0
DA:541,0
DA:549,0
DA:551,0
DA:552,0
DA:557,0
DA:558,0
DA:566,0
DA:569,0
DA:570,0
DA:571,0
DA:575,0
DA:576,0
DA:598,0
DA:600,0
DA:616,0
DA:619,0
DA:621,0
DA:623,0
DA:624,0
DA:625,0
DA:626,0
DA:627,0
DA:628,0
DA:639,0
DA:644,0
DA:645,0
DA:646,0
DA:647,0
DA:655,0
DA:656,0
DA:658,0
DA:659,0
DA:660,0
DA:663,0
DA:664,0
DA:665,0
DA:676,0
DA:679,0
DA:680,0
DA:682,0
DA:683,0
DA:684,0
DA:694,0
DA:695,0
DA:696,0
DA:699,0
DA:702,0
DA:703,0
DA:704,0
DA:706,0
LF:201
LH:62
end_of_record
SF:lib/reflection_page.dart
DA:7,1
DA:9,2
DA:10,2
DA:16,2
DA:19,6
DA:20,2
DA:23,2
DA:34,2
DA:35,2
DA:36,2
DA:44,2
DA:45,2
DA:46,2
DA:47,2
DA:49,2
DA:50,4
DA:51,2
DA:52,2
DA:54,2
DA:57,2
DA:59,2
DA:62,2
DA:72,2
DA:73,2
DA:76,2
DA:77,2
DA:78,2
DA:79,2
DA:83,2
DA:87,2
DA:88,2
DA:100,2
DA:104,2
DA:105,2
DA:115,2
DA:116,2
DA:117,2
DA:126,2
DA:128,2
DA:132,2
DA:133,2
DA:137,1
DA:138,3
DA:140,1
DA:143,1
DA:145,2
DA:148,0
DA:150,0
DA:152,0
DA:153,0
DA:155,0
DA:158,0
DA:160,2
DA:161,1
DA:162,1
DA:163,1
LF:56
LH:50
end_of_record
SF:lib/services/gratitude_service.dart
DA:3,8
DA:6,2
DA:11,6
DA:12,2
DA:15,4
DA:16,1
DA:20,3
DA:23,2
LF:8
LH:8
end_of_record
SF:lib/theme/theme_provider.dart
DA:6,4
DA:8,1
DA:9,1
DA:10,1
DA:13,1
DA:14,3
DA:15,2
DA:17,2
LF:8
LH:8
end_of_record
SF:lib/voice_reflection_page.dart
DA:14,2
DA:16,2
DA:17,2
DA:33,2
DA:35,3
DA:36,4
DA:37,4
DA:38,2
DA:41,1
DA:42,1
DA:43,2
DA:44,1
DA:45,3
DA:53,0
DA:58,1
DA:59,1
DA:60,4
DA:62,2
DA:64,1
DA:67,2
DA:68,1
DA:69,1
DA:70,1
DA:71,1
DA:74,3
DA:75,1
DA:76,0
DA:79,4
DA:83,1
DA:84,2
DA:85,2
DA:88,0
DA:91,2
DA:92,1
DA:93,1
DA:97,0
DA:98,0
DA:99,0
DA:100,0
DA:102,0
DA:103,0
DA:104,0
DA:105,0
DA:108,0
DA:109,0
DA:110,0
DA:111,0
DA:112,0
DA:116,0
DA:117,0
DA:118,0
DA:119,0
DA:120,0
DA:122,0
DA:123,0
DA:124,0
DA:125,0
DA:130,1
DA:131,1
DA:132,3
DA:135,2
DA:136,2
DA:137,1
DA:140,0
DA:145,0
DA:146,0
DA:148,0
DA:151,0
DA:152,0
DA:153,0
DA:156,0
DA:161,0
DA:162,0
DA:164,0
DA:166,0
DA:169,0
DA:170,0
DA:171,0
DA:172,0
DA:173,0
DA:177,3
DA:178,1
DA:179,1
DA:180,1
DA:181,4
DA:186,2
DA:187,6
DA:188,14
DA:191,2
DA:197,6
DA:198,2
DA:200,2
DA:210,2
DA:211,2
DA:212,4
DA:213,2
DA:215,2
DA:218,2
DA:219,2
DA:227,2
DA:228,2
DA:230,2
DA:231,2
DA:232,2
DA:233,2
DA:238,2
DA:239,2
DA:240,2
DA:242,2
DA:243,6
DA:244,2
DA:247,2
DA:252,2
DA:253,2
DA:254,2
DA:255,4
DA:256,2
DA:257,2
DA:258,1
DA:260,1
DA:265,2
DA:266,2
DA:267,2
DA:275,2
DA:276,4
DA:277,2
DA:278,1
DA:279,1
DA:280,1
DA:281,1
DA:282,1
DA:284,1
DA:285,1
DA:286,1
DA:287,1
DA:288,2
DA:289,4
DA:292,1
DA:293,1
DA:294,1
DA:295,0
DA:297,1
DA:300,2
DA:304,2
DA:305,2
DA:307,2
DA:309,2
DA:310,2
DA:311,4
DA:319,2
DA:320,2
DA:322,2
DA:325,2
DA:326,4
DA:334,2
DA:335,4
DA:336,2
DA:337,2
DA:339,2
DA:340,4
DA:341,2
DA:343,2
DA:351,2
DA:352,2
DA:355,2
DA:357,2
DA:358,2
DA:360,8
DA:364,2
DA:366,2
DA:367,2
DA:370,2
DA:371,2
DA:374,2
DA:375,2
DA:379,2
DA:382,2
DA:394,1
DA:395,1
DA:396,1
DA:397,2
DA:404,4
DA:405,2
DA:409,2
DA:410,2
DA:420,2
DA:421,2
DA:422,2
DA:431,2
DA:433,2
DA:437,2
DA:438,2
DA:442,6
DA:443,1
DA:444,1
DA:445,1
DA:447,2
DA:451,2
DA:453,2
LF:199
LH:156
end_of_record
SF:lib/theme/theme.dart
DA:3,6
DA:11,3
DA:13,1
LF:3
LH:3
end_of_record
